TN:
SF:middleware\auth.js
FN:6,(anonymous_0)
FN:35,(anonymous_1)
FN:36,(anonymous_2)
FN:50,(anonymous_3)
FN:70,(anonymous_4)
FNF:5
FNH:3
FNDA:29,(anonymous_0)
FNDA:84,(anonymous_1)
FNDA:3,(anonymous_2)
FNDA:0,(anonymous_3)
FNDA:0,(anonymous_4)
DA:1,3
DA:2,3
DA:3,3
DA:6,3
DA:7,29
DA:8,29
DA:10,29
DA:11,2
DA:14,27
DA:15,27
DA:18,13
DA:23,13
DA:24,0
DA:27,13
DA:28,13
DA:30,14
DA:35,3
DA:36,84
DA:37,3
DA:38,0
DA:41,3
DA:42,0
DA:45,3
DA:50,3
DA:51,0
DA:52,0
DA:58,0
DA:59,0
DA:62,0
DA:63,0
DA:65,0
DA:70,3
DA:71,0
DA:73,0
DA:74,0
DA:77,0
DA:78,0
DA:83,0
DA:84,0
DA:86,0
DA:87,0
DA:88,0
DA:89,0
DA:90,0
DA:94,0
DA:95,0
DA:98,0
DA:99,0
DA:101,0
DA:105,3
LF:50
LH:23
BRDA:8,0,0,29
BRDA:8,0,1,27
BRDA:10,1,0,2
BRDA:10,1,1,27
BRDA:23,2,0,0
BRDA:23,2,1,13
BRDA:23,3,0,13
BRDA:23,3,1,13
BRDA:37,4,0,0
BRDA:37,4,1,3
BRDA:41,5,0,0
BRDA:41,5,1,3
BRDA:58,6,0,0
BRDA:58,6,1,0
BRDA:73,7,0,0
BRDA:73,7,1,0
BRDA:87,8,0,0
BRDA:87,8,1,0
BRDA:87,9,0,0
BRDA:87,9,1,0
BRDA:94,10,0,0
BRDA:94,10,1,0
BRF:22
BRH:9
end_of_record
TN:
SF:middleware\businessRules.js
FN:4,(anonymous_0)
FN:53,(anonymous_1)
FN:88,(anonymous_2)
FN:102,(anonymous_3)
FN:131,(anonymous_4)
FN:156,(anonymous_5)
FNF:6
FNH:0
FNDA:0,(anonymous_0)
FNDA:0,(anonymous_1)
FNDA:0,(anonymous_2)
FNDA:0,(anonymous_3)
FNDA:0,(anonymous_4)
FNDA:0,(anonymous_5)
DA:1,3
DA:4,3
DA:5,0
DA:7,0
DA:9,0
DA:16,0
DA:17,0
DA:20,0
DA:23,0
DA:29,0
DA:30,0
DA:37,0
DA:38,0
DA:44,0
DA:45,0
DA:48,0
DA:53,3
DA:54,0
DA:56,0
DA:58,0
DA:63,0
DA:64,0
DA:67,0
DA:68,0
DA:72,0
DA:85,0
DA:86,0
DA:88,0
DA:93,0
DA:94,0
DA:97,0
DA:102,3
DA:103,0
DA:104,0
DA:106,0
DA:108,0
DA:113,0
DA:114,0
DA:115,0
DA:117,0
DA:118,0
DA:119,0
DA:120,0
DA:123,0
DA:126,0
DA:131,3
DA:132,0
DA:134,0
DA:135,0
DA:141,0
DA:142,0
DA:148,0
DA:151,0
DA:156,3
DA:157,0
DA:159,0
DA:160,0
DA:163,0
DA:164,0
DA:170,0
DA:176,0
DA:177,0
DA:178,0
DA:179,0
DA:183,0
DA:184,0
DA:187,0
DA:188,0
DA:189,0
DA:191,0
DA:195,3
LF:71
LH:7
BRDA:5,0,0,0
BRDA:5,0,1,0
BRDA:16,1,0,0
BRDA:16,1,1,0
BRDA:29,2,0,0
BRDA:29,2,1,0
BRDA:37,3,0,0
BRDA:37,3,1,0
BRDA:37,4,0,0
BRDA:37,4,1,0
BRDA:37,4,2,0
BRDA:63,5,0,0
BRDA:63,5,1,0
BRDA:67,6,0,0
BRDA:67,6,1,0
BRDA:85,7,0,0
BRDA:85,7,1,0
BRDA:113,8,0,0
BRDA:113,8,1,0
BRDA:115,9,0,0
BRDA:115,9,1,0
BRDA:117,10,0,0
BRDA:117,10,1,0
BRDA:141,11,0,0
BRDA:141,11,1,0
BRDA:157,12,0,0
BRDA:157,12,1,0
BRDA:176,13,0,0
BRDA:176,13,1,0
BRDA:187,14,0,0
BRDA:187,14,1,0
BRF:31
BRH:0
end_of_record
TN:
SF:routes\admin.js
FN:10,(anonymous_0)
FN:67,(anonymous_1)
FN:191,(anonymous_2)
FN:224,(anonymous_3)
FN:279,(anonymous_4)
FN:280,(anonymous_5)
FN:281,(anonymous_6)
FN:282,(anonymous_7)
FN:293,(anonymous_8)
FN:344,(anonymous_9)
FN:395,(anonymous_10)
FN:399,(anonymous_11)
FN:408,(anonymous_12)
FN:435,(anonymous_13)
FN:483,(anonymous_14)
FN:484,(anonymous_15)
FN:485,(anonymous_16)
FN:486,(anonymous_17)
FNF:18
FNH:1
FNDA:1,(anonymous_0)
FNDA:0,(anonymous_1)
FNDA:0,(anonymous_2)
FNDA:0,(anonymous_3)
FNDA:0,(anonymous_4)
FNDA:0,(anonymous_5)
FNDA:0,(anonymous_6)
FNDA:0,(anonymous_7)
FNDA:0,(anonymous_8)
FNDA:0,(anonymous_9)
FNDA:0,(anonymous_10)
FNDA:0,(anonymous_11)
FNDA:0,(anonymous_12)
FNDA:0,(anonymous_13)
FNDA:0,(anonymous_14)
FNDA:0,(anonymous_15)
FNDA:0,(anonymous_16)
FNDA:0,(anonymous_17)
DA:1,3
DA:2,3
DA:3,3
DA:4,3
DA:5,3
DA:7,3
DA:10,3
DA:11,1
DA:13,1
DA:15,1
DA:25,1
DA:39,1
DA:48,1
DA:61,0
DA:62,0
DA:67,3
DA:68,0
DA:70,0
DA:72,0
DA:79,0
DA:98,0
DA:117,0
DA:131,0
DA:163,0
DA:185,0
DA:186,0
DA:191,3
DA:192,0
DA:194,0
DA:195,0
DA:198,0
DA:199,0
DA:201,0
DA:208,0
DA:209,0
DA:212,0
DA:218,0
DA:219,0
DA:224,3
DA:225,0
DA:227,0
DA:228,0
DA:229,0
DA:230,0
DA:232,0
DA:233,0
DA:234,0
DA:235,0
DA:238,0
DA:239,0
DA:240,0
DA:241,0
DA:244,0
DA:259,0
DA:274,0
DA:279,0
DA:280,0
DA:281,0
DA:282,0
DA:287,0
DA:288,0
DA:293,3
DA:294,0
DA:296,0
DA:297,0
DA:300,0
DA:301,0
DA:302,0
DA:305,0
DA:311,0
DA:314,0
DA:321,0
DA:327,0
DA:328,0
DA:330,0
DA:338,0
DA:339,0
DA:344,3
DA:345,0
DA:347,0
DA:348,0
DA:351,0
DA:353,0
DA:359,0
DA:360,0
DA:363,0
DA:368,0
DA:373,0
DA:374,0
DA:375,0
DA:376,0
DA:378,0
DA:381,0
DA:389,0
DA:390,0
DA:395,3
DA:396,0
DA:397,0
DA:399,0
DA:400,0
DA:401,0
DA:402,0
DA:408,3
DA:409,0
DA:411,0
DA:412,0
DA:419,0
DA:420,0
DA:423,0
DA:429,0
DA:430,0
DA:435,3
DA:436,0
DA:438,0
DA:439,0
DA:457,0
DA:478,0
DA:483,0
DA:484,0
DA:485,0
DA:486,0
DA:491,0
DA:492,0
DA:496,3
LF:124
LH:22
BRDA:11,0,0,1
BRDA:68,1,0,0
BRDA:128,2,0,0
BRDA:128,2,1,0
BRDA:194,3,0,0
BRDA:194,3,1,0
BRDA:199,4,0,0
BRDA:199,4,1,0
BRDA:208,5,0,0
BRDA:208,5,1,0
BRDA:232,6,0,0
BRDA:232,6,1,0
BRDA:238,7,0,0
BRDA:238,7,1,0
BRDA:296,8,0,0
BRDA:296,8,1,0
BRDA:296,9,0,0
BRDA:296,9,1,0
BRDA:311,10,0,0
BRDA:311,10,1,0
BRDA:318,11,0,0
BRDA:318,11,1,0
BRDA:345,12,0,0
BRDA:347,13,0,0
BRDA:347,13,1,0
BRDA:359,14,0,0
BRDA:359,14,1,0
BRDA:373,15,0,0
BRDA:373,15,1,0
BRDA:375,16,0,0
BRDA:375,16,1,0
BRDA:400,17,0,0
BRDA:400,17,1,0
BRDA:419,18,0,0
BRDA:419,18,1,0
BRDA:436,19,0,0
BRDA:483,20,0,0
BRDA:483,20,1,0
BRDA:484,21,0,0
BRDA:484,21,1,0
BRDA:485,22,0,0
BRDA:485,22,1,0
BRDA:486,23,0,0
BRDA:486,23,1,0
BRF:44
BRH:1
end_of_record
TN:
SF:routes\auth.js
FN:10,(anonymous_0)
FN:56,(anonymous_1)
FN:68,(anonymous_2)
FNF:3
FNH:3
FNDA:8,(anonymous_0)
FNDA:1,(anonymous_1)
FNDA:1,(anonymous_2)
DA:1,3
DA:2,3
DA:3,3
DA:4,3
DA:5,3
DA:7,3
DA:10,3
DA:11,8
DA:13,8
DA:14,8
DA:19,8
DA:20,1
DA:23,7
DA:25,7
DA:26,0
DA:29,7
DA:30,7
DA:31,4
DA:34,3
DA:40,3
DA:51,0
DA:56,3
DA:57,1
DA:68,3
DA:69,1
DA:71,1
DA:72,1
DA:77,1
DA:78,1
DA:79,1
DA:82,0
DA:84,0
DA:89,0
DA:92,0
DA:96,3
LF:35
LH:29
BRDA:19,0,0,1
BRDA:19,0,1,7
BRDA:25,1,0,0
BRDA:25,1,1,7
BRDA:30,2,0,4
BRDA:30,2,1,3
BRDA:78,3,0,1
BRDA:78,3,1,0
BRDA:82,4,0,0
BRDA:82,4,1,0
BRF:10
BRH:6
end_of_record
TN:
SF:routes\bills.js
FN:8,(anonymous_0)
FN:103,(anonymous_1)
FN:203,(anonymous_2)
FNF:3
FNH:3
FNDA:4,(anonymous_0)
FNDA:2,(anonymous_1)
FNDA:2,(anonymous_2)
DA:1,3
DA:2,3
DA:3,3
DA:5,3
DA:8,3
DA:16,4
DA:18,4
DA:19,4
DA:20,4
DA:21,4
DA:24,4
DA:25,1
DA:26,1
DA:27,1
DA:31,4
DA:32,0
DA:33,0
DA:34,0
DA:38,4
DA:39,0
DA:40,0
DA:41,0
DA:45,4
DA:46,1
DA:47,1
DA:48,1
DA:52,4
DA:54,4
DA:71,4
DA:73,4
DA:76,4
DA:83,4
DA:84,4
DA:86,4
DA:97,0
DA:98,0
DA:103,3
DA:104,2
DA:106,2
DA:108,2
DA:119,2
DA:120,1
DA:123,1
DA:126,1
DA:137,1
DA:144,1
DA:145,1
DA:146,0
DA:157,0
DA:158,0
DA:160,0
DA:171,0
DA:172,0
DA:178,1
DA:188,1
DA:197,0
DA:198,0
DA:203,3
DA:204,2
DA:206,2
DA:208,2
DA:221,2
DA:233,2
DA:242,2
DA:250,0
DA:251,0
DA:255,3
LF:67
LH:49
BRDA:13,0,0,3
BRDA:14,1,0,3
BRDA:24,2,0,1
BRDA:24,2,1,3
BRDA:31,3,0,0
BRDA:31,3,1,4
BRDA:38,4,0,0
BRDA:38,4,1,4
BRDA:45,5,0,1
BRDA:45,5,1,3
BRDA:119,6,0,1
BRDA:119,6,1,1
BRDA:145,7,0,0
BRDA:145,7,1,1
BRDA:157,8,0,0
BRDA:157,8,1,0
BRDA:171,9,0,0
BRDA:171,9,1,0
BRDA:204,10,0,1
BRF:19
BRH:12
end_of_record
TN:
SF:routes\cashier.js
FN:9,(anonymous_0)
FN:75,(anonymous_1)
FN:117,(anonymous_2)
FN:184,(anonymous_3)
FN:206,(anonymous_4)
FN:237,(anonymous_5)
FNF:6
FNH:0
FNDA:0,(anonymous_0)
FNDA:0,(anonymous_1)
FNDA:0,(anonymous_2)
FNDA:0,(anonymous_3)
FNDA:0,(anonymous_4)
FNDA:0,(anonymous_5)
DA:1,3
DA:2,3
DA:3,3
DA:4,3
DA:6,3
DA:9,3
DA:19,0
DA:21,0
DA:23,0
DA:25,0
DA:26,0
DA:29,0
DA:30,0
DA:31,0
DA:34,0
DA:47,0
DA:48,0
DA:55,0
DA:56,0
DA:62,0
DA:69,0
DA:70,0
DA:75,3
DA:76,0
DA:78,0
DA:80,0
DA:85,0
DA:86,0
DA:90,0
DA:95,0
DA:96,0
DA:99,0
DA:105,0
DA:111,0
DA:112,0
DA:117,3
DA:118,0
DA:119,0
DA:133,0
DA:134,0
DA:137,0
DA:140,0
DA:152,0
DA:159,0
DA:168,0
DA:178,0
DA:179,0
DA:184,3
DA:185,0
DA:187,0
DA:188,0
DA:194,0
DA:200,0
DA:201,0
DA:206,3
DA:207,0
DA:209,0
DA:210,0
DA:213,0
DA:214,0
DA:220,0
DA:226,0
DA:227,0
DA:232,3
DA:238,0
DA:239,0
DA:241,0
DA:242,0
DA:243,0
DA:246,0
DA:264,0
DA:265,0
DA:271,0
DA:280,0
DA:281,0
DA:286,3
LF:76
LH:12
BRDA:12,0,0,0
BRDA:13,1,0,0
BRDA:16,2,0,0
BRDA:25,3,0,0
BRDA:25,3,1,0
BRDA:47,4,0,0
BRDA:47,4,1,0
BRDA:47,5,0,0
BRDA:47,5,1,0
BRDA:55,6,0,0
BRDA:55,6,1,0
BRDA:55,7,0,0
BRDA:55,7,1,0
BRDA:85,8,0,0
BRDA:85,8,1,0
BRDA:95,9,0,0
BRDA:95,9,1,0
BRDA:133,10,0,0
BRDA:133,10,1,0
BRDA:209,11,0,0
BRDA:209,11,1,0
BRDA:242,12,0,0
BRDA:242,12,1,0
BRDA:243,13,0,0
BRDA:243,13,1,0
BRDA:261,14,0,0
BRDA:261,14,1,0
BRDA:264,15,0,0
BRDA:264,15,1,0
BRDA:264,16,0,0
BRDA:264,16,1,0
BRDA:275,17,0,0
BRDA:275,17,1,0
BRF:33
BRH:0
end_of_record
TN:
SF:routes\dispatch.js
FN:13,(anonymous_0)
FN:16,(anonymous_1)
FN:25,(anonymous_2)
FN:39,(anonymous_3)
FN:93,(anonymous_4)
FN:94,(anonymous_5)
FN:95,(anonymous_6)
FN:106,(anonymous_7)
FN:159,(anonymous_8)
FN:175,(anonymous_9)
FN:197,(anonymous_10)
FN:290,(anonymous_11)
FN:386,(anonymous_12)
FN:419,(anonymous_13)
FN:445,(anonymous_14)
FN:446,(anonymous_15)
FN:447,(anonymous_16)
FNF:17
FNH:0
FNDA:0,(anonymous_0)
FNDA:0,(anonymous_1)
FNDA:0,(anonymous_2)
FNDA:0,(anonymous_3)
FNDA:0,(anonymous_4)
FNDA:0,(anonymous_5)
FNDA:0,(anonymous_6)
FNDA:0,(anonymous_7)
FNDA:0,(anonymous_8)
FNDA:0,(anonymous_9)
FNDA:0,(anonymous_10)
FNDA:0,(anonymous_11)
FNDA:0,(anonymous_12)
FNDA:0,(anonymous_13)
FNDA:0,(anonymous_14)
FNDA:0,(anonymous_15)
FNDA:0,(anonymous_16)
DA:1,3
DA:2,3
DA:3,3
DA:4,3
DA:5,3
DA:6,3
DA:7,3
DA:9,3
DA:12,3
DA:14,0
DA:17,0
DA:18,0
DA:22,3
DA:26,0
DA:27,0
DA:28,0
DA:30,0
DA:31,0
DA:33,0
DA:39,3
DA:40,0
DA:42,0
DA:43,0
DA:44,0
DA:45,0
DA:47,0
DA:48,0
DA:49,0
DA:50,0
DA:51,0
DA:52,0
DA:53,0
DA:54,0
DA:55,0
DA:56,0
DA:58,0
DA:61,0
DA:86,0
DA:88,0
DA:93,0
DA:94,0
DA:95,0
DA:100,0
DA:101,0
DA:106,3
DA:107,0
DA:109,0
DA:111,0
DA:130,0
DA:131,0
DA:134,0
DA:137,0
DA:140,0
DA:144,0
DA:153,0
DA:154,0
DA:159,3
DA:160,0
DA:162,0
DA:163,0
DA:166,0
DA:167,0
DA:168,0
DA:170,0
DA:175,3
DA:176,0
DA:178,0
DA:179,0
DA:180,0
DA:182,0
DA:187,3
DA:205,0
DA:207,0
DA:208,0
DA:211,0
DA:212,0
DA:214,0
DA:219,0
DA:220,0
DA:221,0
DA:226,0
DA:228,0
DA:229,0
DA:233,0
DA:234,0
DA:235,0
DA:236,0
DA:238,0
DA:239,0
DA:240,0
DA:241,0
DA:248,0
DA:249,0
DA:252,0
DA:264,0
DA:265,0
DA:267,0
DA:273,0
DA:274,0
DA:275,0
DA:277,0
DA:278,0
DA:284,3
DA:306,0
DA:308,0
DA:309,0
DA:312,0
DA:313,0
DA:314,0
DA:319,0
DA:320,0
DA:321,0
DA:326,0
DA:328,0
DA:329,0
DA:333,0
DA:334,0
DA:335,0
DA:336,0
DA:338,0
DA:339,0
DA:340,0
DA:341,0
DA:348,0
DA:362,0
DA:363,0
DA:365,0
DA:371,0
DA:372,0
DA:373,0
DA:375,0
DA:376,0
DA:382,3
DA:387,0
DA:389,0
DA:390,0
DA:391,0
DA:392,0
DA:395,0
DA:402,0
DA:403,0
DA:406,0
DA:412,0
DA:413,0
DA:419,3
DA:420,0
DA:422,0
DA:423,0
DA:440,0
DA:445,0
DA:446,0
DA:447,0
DA:452,0
DA:453,0
DA:457,3
LF:155
LH:19
BRDA:30,0,0,0
BRDA:30,0,1,0
BRDA:30,1,0,0
BRDA:30,1,1,0
BRDA:40,2,0,0
BRDA:47,3,0,0
BRDA:47,3,1,0
BRDA:47,4,0,0
BRDA:47,4,1,0
BRDA:48,5,0,0
BRDA:48,5,1,0
BRDA:51,6,0,0
BRDA:51,6,1,0
BRDA:55,7,0,0
BRDA:55,7,1,0
BRDA:130,8,0,0
BRDA:130,8,1,0
BRDA:146,9,0,0
BRDA:146,9,1,0
BRDA:162,10,0,0
BRDA:162,10,1,0
BRDA:162,11,0,0
BRDA:162,11,1,0
BRDA:211,12,0,0
BRDA:211,12,1,0
BRDA:212,13,0,0
BRDA:212,13,1,0
BRDA:226,14,0,0
BRDA:226,14,1,0
BRDA:226,15,0,0
BRDA:226,15,1,0
BRDA:233,16,0,0
BRDA:233,16,1,0
BRDA:238,17,0,0
BRDA:238,17,1,0
BRDA:273,18,0,0
BRDA:273,18,1,0
BRDA:312,19,0,0
BRDA:312,19,1,0
BRDA:313,20,0,0
BRDA:313,20,1,0
BRDA:326,21,0,0
BRDA:326,21,1,0
BRDA:326,22,0,0
BRDA:326,22,1,0
BRDA:333,23,0,0
BRDA:333,23,1,0
BRDA:338,24,0,0
BRDA:338,24,1,0
BRDA:371,25,0,0
BRDA:371,25,1,0
BRDA:391,26,0,0
BRDA:391,26,1,0
BRDA:402,27,0,0
BRDA:402,27,1,0
BRDA:420,28,0,0
BRF:56
BRH:0
end_of_record
TN:
SF:routes\gate.js
FN:8,(anonymous_0)
FN:79,(anonymous_1)
FN:118,(anonymous_2)
FN:161,(anonymous_3)
FN:231,(anonymous_4)
FNF:5
FNH:1
FNDA:0,(anonymous_0)
FNDA:0,(anonymous_1)
FNDA:0,(anonymous_2)
FNDA:2,(anonymous_3)
FNDA:0,(anonymous_4)
DA:1,3
DA:2,3
DA:3,3
DA:5,3
DA:8,3
DA:9,0
DA:11,0
DA:12,0
DA:15,0
DA:17,0
DA:23,0
DA:24,0
DA:27,0
DA:28,0
DA:31,0
DA:36,0
DA:37,0
DA:41,0
DA:48,0
DA:67,0
DA:73,0
DA:74,0
DA:79,3
DA:80,0
DA:82,0
DA:83,0
DA:105,0
DA:112,0
DA:113,0
DA:118,3
DA:119,0
DA:121,0
DA:122,0
DA:146,0
DA:147,0
DA:150,0
DA:155,0
DA:156,0
DA:161,3
DA:162,2
DA:164,2
DA:166,2
DA:194,2
DA:195,2
DA:198,0
DA:201,0
DA:206,0
DA:208,0
DA:225,0
DA:226,0
DA:231,3
DA:232,0
DA:234,0
DA:236,0
DA:250,0
DA:261,0
DA:280,0
DA:288,0
DA:289,0
DA:293,3
LF:60
LH:15
BRDA:11,0,0,0
BRDA:11,0,1,0
BRDA:23,1,0,0
BRDA:23,1,1,0
BRDA:28,2,0,0
BRDA:28,2,1,0
BRDA:36,3,0,0
BRDA:36,3,1,0
BRDA:80,4,0,0
BRDA:80,5,0,0
BRDA:146,6,0,0
BRDA:146,6,1,0
BRDA:194,7,0,2
BRDA:194,7,1,0
BRDA:221,8,0,0
BRDA:221,8,1,0
BRDA:232,9,0,0
BRF:17
BRH:1
end_of_record
TN:
SF:services\etl.js
FN:7,(anonymous_0)
FN:14,(anonymous_1)
FN:25,(anonymous_2)
FN:33,(anonymous_3)
FN:94,(anonymous_4)
FN:167,(anonymous_5)
FN:219,(anonymous_6)
FN:253,(anonymous_7)
FN:255,(anonymous_8)
FN:263,(anonymous_9)
FN:276,(anonymous_10)
FN:279,(anonymous_11)
FNF:12
FNH:7
FNDA:4,(anonymous_0)
FNDA:2,(anonymous_1)
FNDA:3,(anonymous_2)
FNDA:6,(anonymous_3)
FNDA:3,(anonymous_4)
FNDA:1,(anonymous_5)
FNDA:4,(anonymous_6)
FNDA:0,(anonymous_7)
FNDA:0,(anonymous_8)
FNDA:0,(anonymous_9)
FNDA:0,(anonymous_10)
FNDA:0,(anonymous_11)
DA:1,4
DA:2,4
DA:3,4
DA:4,4
DA:8,4
DA:9,4
DA:10,4
DA:11,4
DA:15,2
DA:16,2
DA:17,1
DA:18,1
DA:20,1
DA:21,1
DA:26,3
DA:27,1
DA:28,1
DA:34,6
DA:35,6
DA:48,6
DA:50,1
DA:51,0
DA:52,0
DA:56,1
DA:57,1
DA:58,1
DA:60,1
DA:61,1
DA:62,2
DA:73,2
DA:76,1
DA:77,1
DA:78,1
DA:81,0
DA:82,0
DA:84,1
DA:88,5
DA:89,5
DA:95,3
DA:96,3
DA:119,3
DA:121,1
DA:122,0
DA:123,0
DA:126,1
DA:127,1
DA:128,1
DA:130,1
DA:131,1
DA:132,1
DA:146,0
DA:149,0
DA:150,0
DA:151,0
DA:154,1
DA:155,1
DA:157,1
DA:161,3
DA:162,3
DA:168,1
DA:169,1
DA:172,1
DA:178,1
DA:179,0
DA:182,1
DA:184,1
DA:186,2
DA:196,2
DA:198,0
DA:204,0
DA:205,0
DA:209,1
DA:210,1
DA:213,0
DA:214,0
DA:220,4
DA:221,1
DA:222,1
DA:225,3
DA:226,3
DA:228,3
DA:229,3
DA:231,3
DA:232,3
DA:233,2
DA:234,2
DA:237,1
DA:238,1
DA:239,0
DA:241,0
DA:242,0
DA:245,1
DA:247,3
DA:248,3
DA:255,0
DA:256,0
DA:259,0
DA:264,0
DA:269,4
DA:271,4
DA:274,4
DA:275,0
DA:276,0
DA:277,0
DA:278,0
DA:280,0
DA:281,0
LF:107
LH:78
BRDA:8,0,0,4
BRDA:8,0,1,0
BRDA:9,1,0,4
BRDA:9,1,1,0
BRDA:10,2,0,4
BRDA:10,2,1,0
BRDA:26,3,0,1
BRDA:26,3,1,2
BRDA:50,4,0,0
BRDA:50,4,1,1
BRDA:121,5,0,0
BRDA:121,5,1,1
BRDA:178,6,0,0
BRDA:178,6,1,1
BRDA:196,7,0,0
BRDA:196,7,1,2
BRDA:196,8,0,2
BRDA:196,8,1,0
BRDA:220,9,0,1
BRDA:220,9,1,3
BRDA:232,10,0,2
BRDA:232,10,1,1
BRDA:274,11,0,0
BRDA:274,11,1,4
BRF:24
BRH:15
end_of_record
TN:
SF:services\logger.js
FNF:0
FNH:0
DA:1,5
DA:2,5
DA:4,5
DA:23,5
DA:24,5
DA:32,5
LF:6
LH:6
BRDA:5,0,0,5
BRDA:5,0,1,0
BRDA:23,1,0,5
BRDA:23,1,1,0
BRF:4
BRH:2
end_of_record
TN:
SF:services\otp.js
FN:6,(anonymous_0)
FN:12,(anonymous_1)
FN:17,(anonymous_2)
FN:55,(anonymous_3)
FN:98,(anonymous_4)
FN:119,(anonymous_5)
FNF:6
FNH:1
FNDA:3,(anonymous_0)
FNDA:0,(anonymous_1)
FNDA:0,(anonymous_2)
FNDA:0,(anonymous_3)
FNDA:0,(anonymous_4)
FNDA:0,(anonymous_5)
DA:1,3
DA:2,3
DA:3,3
DA:7,3
DA:8,3
DA:13,0
DA:18,0
DA:19,0
DA:20,0
DA:23,0
DA:29,0
DA:36,0
DA:39,0
DA:41,0
DA:49,0
DA:50,0
DA:56,0
DA:57,0
DA:63,0
DA:64,0
DA:67,0
DA:69,0
DA:70,0
DA:73,0
DA:74,0
DA:78,0
DA:83,0
DA:85,0
DA:92,0
DA:93,0
DA:99,0
DA:101,0
DA:106,0
DA:107,0
DA:110,0
DA:113,0
DA:114,0
DA:120,0
DA:121,0
DA:125,0
DA:126,0
DA:129,0
DA:134,3
LF:43
LH:6
BRDA:63,0,0,0
BRDA:63,0,1,0
BRDA:69,1,0,0
BRDA:69,1,1,0
BRDA:73,2,0,0
BRDA:73,2,1,0
BRDA:106,3,0,0
BRDA:106,3,1,0
BRDA:125,4,0,0
BRDA:125,4,1,0
BRF:10
BRH:0
end_of_record
TN:
SF:services\reports.js
FN:9,(anonymous_0)
FN:14,(anonymous_1)
FN:21,(anonymous_2)
FN:74,(anonymous_3)
FN:104,(anonymous_4)
FN:142,(anonymous_5)
FN:173,(anonymous_6)
FN:202,(anonymous_7)
FN:250,(anonymous_8)
FN:283,(anonymous_9)
FN:323,(anonymous_10)
FN:386,(anonymous_11)
FNF:12
FNH:12
FNDA:4,(anonymous_0)
FNDA:4,(anonymous_1)
FNDA:6,(anonymous_2)
FNDA:6,(anonymous_3)
FNDA:5,(anonymous_4)
FNDA:5,(anonymous_5)
FNDA:5,(anonymous_6)
FNDA:5,(anonymous_7)
FNDA:5,(anonymous_8)
FNDA:5,(anonymous_9)
FNDA:4,(anonymous_10)
FNDA:1,(anonymous_11)
DA:1,4
DA:2,4
DA:3,4
DA:4,4
DA:5,4
DA:6,4
DA:10,4
DA:11,4
DA:15,4
DA:16,0
DA:22,6
DA:23,6
DA:24,6
DA:26,6
DA:27,6
DA:30,6
DA:31,6
DA:32,6
DA:34,6
DA:35,6
DA:36,6
DA:37,6
DA:39,6
DA:40,6
DA:41,6
DA:44,6
DA:47,5
DA:50,5
DA:53,5
DA:56,5
DA:59,5
DA:62,5
DA:64,5
DA:66,5
DA:69,1
DA:70,1
DA:75,6
DA:87,5
DA:89,5
DA:90,5
DA:91,5
DA:93,5
DA:94,5
DA:95,5
DA:96,5
DA:97,5
DA:98,5
DA:99,5
DA:101,5
DA:105,5
DA:123,5
DA:125,5
DA:126,5
DA:127,5
DA:129,5
DA:130,5
DA:131,5
DA:132,5
DA:133,5
DA:134,5
DA:135,5
DA:136,5
DA:137,5
DA:139,5
DA:143,5
DA:157,5
DA:159,5
DA:160,5
DA:161,5
DA:163,5
DA:164,5
DA:165,5
DA:166,5
DA:167,5
DA:168,5
DA:170,5
DA:174,5
DA:186,5
DA:188,5
DA:189,5
DA:190,5
DA:192,5
DA:193,5
DA:194,5
DA:195,5
DA:196,5
DA:197,5
DA:199,5
DA:203,5
DA:216,5
DA:217,5
DA:218,5
DA:220,5
DA:221,0
DA:224,0
DA:225,0
DA:226,0
DA:227,0
DA:228,0
DA:229,0
DA:231,0
DA:232,0
DA:234,0
DA:235,0
DA:236,0
DA:237,0
DA:238,0
DA:239,0
DA:240,0
DA:243,5
DA:244,5
DA:247,5
DA:251,5
DA:264,5
DA:265,5
DA:266,5
DA:268,5
DA:269,0
DA:271,0
DA:272,0
DA:273,0
DA:276,5
DA:277,5
DA:280,5
DA:285,5
DA:290,5
DA:301,5
DA:302,5
DA:303,5
DA:305,5
DA:306,5
DA:307,5
DA:309,5
DA:312,5
DA:313,5
DA:315,5
DA:316,5
DA:317,5
DA:318,5
DA:319,5
DA:324,4
DA:325,4
DA:326,4
DA:329,4
DA:357,4
DA:375,4
DA:377,4
DA:380,0
DA:381,0
DA:387,1
DA:388,1
DA:389,1
DA:390,1
DA:392,1
DA:394,1
DA:395,4
DA:396,4
DA:398,3
DA:399,1
DA:400,1
DA:404,0
DA:405,0
DA:408,1
DA:409,1
DA:414,4
LF:165
LH:140
BRDA:15,0,0,0
BRDA:15,0,1,4
BRDA:95,1,0,5
BRDA:95,1,1,2
BRDA:99,2,0,5
BRDA:99,2,1,2
BRDA:130,3,0,5
BRDA:130,3,1,0
BRDA:131,4,0,5
BRDA:131,4,1,2
BRDA:132,5,0,5
BRDA:132,5,1,5
BRDA:133,6,0,5
BRDA:133,6,1,5
BRDA:134,7,0,5
BRDA:134,7,1,5
BRDA:135,8,0,5
BRDA:135,8,1,2
BRDA:136,9,0,5
BRDA:136,9,1,2
BRDA:137,10,0,5
BRDA:137,10,1,2
BRDA:165,11,0,5
BRDA:165,11,1,2
BRDA:166,12,0,5
BRDA:166,12,1,2
BRDA:167,13,0,5
BRDA:167,13,1,2
BRDA:168,14,0,5
BRDA:168,14,1,2
BRDA:220,15,0,0
BRDA:220,15,1,5
BRDA:268,16,0,0
BRDA:268,16,1,5
BRDA:386,17,0,0
BRDA:398,18,0,1
BRDA:398,18,1,2
BRF:37
BRH:32
end_of_record
